<?xml version="1.0" encoding="UTF-8"?>
<testsuite name="Cucumber" time="5.537" tests="1" skipped="0" failures="0" errors="0">
<testcase classname="As a user click on button and verify text after perform the action" name="checking buttons with dynamic click" time="5.152">
<system-out><![CDATA[
Given i launch "https://www.tutorialspoint.com/selenium/practice/buttons.php" website.passed
When i click on "double click me" button....................................passed
Then i should not see message as "You have done a dynamic click" for "double click me" button.passed
]]></system-out>
</testcase>
</testsuite>
